{"error":{"address":"::1","code":"ECONNREFUSED","errno":-61,"fatal":true,"port":3306,"syscall":"connect"},"level":"error","message":"Failed to start server","timestamp":"2026-05-21T11:38:29.484Z"}
{"error":{"address":"::1","code":"ECONNREFUSED","errno":-61,"fatal":true,"port":3306,"syscall":"connect"},"level":"error","message":"Failed to start server","timestamp":"2026-05-21T11:38:47.865Z"}
{"error":{"address":"::1","code":"ECONNREFUSED","errno":-61,"fatal":true,"port":3306,"syscall":"connect"},"level":"error","message":"Failed to start server","timestamp":"2026-05-21T11:39:07.346Z"}
{"error":{"address":"::1","code":"ECONNREFUSED","errno":-61,"fatal":true,"port":3306,"syscall":"connect"},"level":"error","message":"Failed to start server","timestamp":"2026-05-21T11:56:18.343Z"}
{"error":{"address":"::1","code":"ECONNREFUSED","errno":-61,"fatal":true,"port":3306,"syscall":"connect"},"level":"error","message":"Failed to start server","timestamp":"2026-05-21T11:56:23.931Z"}
{"error":{"address":"::1","code":"ECONNREFUSED","errno":-61,"fatal":true,"port":3306,"syscall":"connect"},"level":"error","message":"Failed to start server","timestamp":"2026-05-21T11:56:31.410Z"}
{"error":{"address":"::1","code":"ECONNREFUSED","errno":-61,"fatal":true,"port":3306,"syscall":"connect"},"level":"error","message":"Failed to start server","timestamp":"2026-05-21T11:57:30.890Z"}
{"error":{"address":"::1","code":"ECONNREFUSED","errno":-61,"fatal":true,"port":3306,"syscall":"connect"},"level":"error","message":"Failed to start server","timestamp":"2026-05-21T12:00:39.339Z"}
{"error":{"address":"::1","code":"ECONNREFUSED","errno":-61,"fatal":true,"port":3306,"syscall":"connect"},"level":"error","message":"Failed to start server","timestamp":"2026-05-21T12:01:29.724Z"}
{"error":{"code":"ER_ACCESS_DENIED_ERROR","errno":1045,"sqlMessage":"Access denied for user 'root'@'localhost' (using password: NO)","sqlState":"28000"},"level":"error","message":"Failed to start server","timestamp":"2026-05-21T12:01:53.046Z"}
{"error":{"code":"ER_ACCESS_DENIED_ERROR","errno":1045,"sqlMessage":"Access denied for user 'root'@'localhost' (using password: NO)","sqlState":"28000"},"level":"error","message":"Failed to start server","timestamp":"2026-05-21T12:02:08.438Z"}
{"error":{"code":"ER_BAD_DB_ERROR","errno":1049,"sqlMessage":"Unknown database 'invoice_maker'","sqlState":"42000"},"level":"error","message":"Failed to start server","timestamp":"2026-05-21T12:03:44.736Z"}
{"error":{"code":"ER_BAD_DB_ERROR","errno":1049,"sqlMessage":"Unknown database 'invoice_maker'","sqlState":"42000"},"level":"error","message":"Failed to start server","timestamp":"2026-05-21T12:04:16.301Z"}
{"level":"info","message":"Invoice API listening on port 4000","timestamp":"2026-05-21T12:07:05.321Z"}
{"level":"info","message":"Invoice API listening on port 4000","timestamp":"2026-05-21T12:07:27.381Z"}
{"error":{"code":"ER_NO_SUCH_TABLE","errno":1146,"sql":"INSERT INTO users (name, email, password_hash) VALUES (?, ?, ?)","sqlMessage":"Table 'invoice_maker.users' doesn't exist","sqlState":"42S02"},"level":"error","message":"Unhandled error","timestamp":"2026-05-21T12:15:43.793Z"}
{"error":{"address":"::1","code":"ECONNREFUSED","errno":-61,"fatal":true,"port":3306,"syscall":"connect"},"level":"error","message":"Failed to start server","timestamp":"2026-05-21T12:30:28.040Z"}
{"error":{"code":"ER_ACCESS_DENIED_ERROR","errno":1045,"sqlMessage":"Access denied for user 'invoice_user'@'localhost' (using password: YES)","sqlState":"28000"},"level":"error","message":"Failed to start server","timestamp":"2026-05-21T12:31:28.477Z"}
{"error":{"code":"ER_ACCESS_DENIED_ERROR","errno":1045,"sqlMessage":"Access denied for user 'invoice_user'@'localhost' (using password: YES)","sqlState":"28000"},"level":"error","message":"Failed to start server","timestamp":"2026-05-21T12:32:08.442Z"}
{"error":{"code":"ER_ACCESS_DENIED_ERROR","errno":1045,"sqlMessage":"Access denied for user 'invoice_user'@'localhost' (using password: YES)","sqlState":"28000"},"level":"error","message":"Failed to start server","timestamp":"2026-05-21T12:32:29.791Z"}
{"error":{"code":"ER_NO_SUCH_TABLE","errno":1146,"sql":"INSERT INTO users (name, email, password_hash) VALUES (?, ?, ?)","sqlMessage":"Table 'invoice_maker.users' doesn't exist","sqlState":"42S02"},"level":"error","message":"Unhandled error","timestamp":"2026-05-21T12:33:19.340Z"}
{"error":{},"level":"error","message":"Unhandled error","timestamp":"2026-05-21T12:41:13.751Z"}
{"error":{},"level":"error","message":"Unhandled error","timestamp":"2026-05-21T12:41:25.858Z"}
{"error":{},"level":"error","message":"Unhandled error","timestamp":"2026-05-21T12:41:53.264Z"}
{"error":{},"level":"error","message":"Unhandled error","timestamp":"2026-05-21T12:42:47.643Z"}
{"error":{},"level":"error","message":"Unhandled error","timestamp":"2026-05-21T12:43:07.343Z"}
{"error":{},"level":"error","message":"Unhandled error","timestamp":"2026-05-21T12:43:20.950Z"}
{"error":{},"level":"error","message":"Unhandled error","timestamp":"2026-05-21T12:44:12.513Z"}
{"error":{},"level":"error","message":"Unhandled error","timestamp":"2026-05-21T12:45:06.954Z"}
{"error":{},"level":"error","message":"Unhandled error","timestamp":"2026-05-21T14:06:01.543Z"}
{"error":{},"level":"error","message":"Unhandled error","timestamp":"2026-05-21T14:06:07.549Z"}
{"error":{},"level":"error","message":"Unhandled error","timestamp":"2026-05-21T14:06:29.812Z"}
{"error":{"code":"ER_WRONG_ARGUMENTS","errno":1210,"sql":"SELECT * FROM invoices WHERE user_id = ?\n      AND (? = 'all' OR status = ?)\n      AND (invoice_number LIKE ? OR customer_name LIKE ? OR customer_email LIKE ? OR customer_tax_id LIKE ?) ORDER BY created_at DESC LIMIT ? OFFSET ?","sqlMessage":"Incorrect arguments to mysqld_stmt_execute","sqlState":"HY000"},"level":"error","message":"Unhandled error","timestamp":"2026-05-21T14:28:44.608Z"}
{"error":{"code":"ER_WRONG_ARGUMENTS","errno":1210,"sql":"SELECT * FROM invoices WHERE user_id = ?\n      AND (? = 'all' OR status = ?)\n      AND (invoice_number LIKE ? OR customer_name LIKE ? OR customer_email LIKE ? OR customer_tax_id LIKE ?) ORDER BY created_at DESC LIMIT ? OFFSET ?","sqlMessage":"Incorrect arguments to mysqld_stmt_execute","sqlState":"HY000"},"level":"error","message":"Unhandled error","timestamp":"2026-05-21T14:32:29.867Z"}
{"error":{"code":"ER_WRONG_ARGUMENTS","errno":1210,"sql":"SELECT * FROM invoices WHERE user_id = ?\n      AND (? = 'all' OR status = ?)\n      AND (invoice_number LIKE ? OR customer_name LIKE ? OR customer_email LIKE ? OR customer_tax_id LIKE ?) ORDER BY created_at DESC LIMIT ? OFFSET ?","sqlMessage":"Incorrect arguments to mysqld_stmt_execute","sqlState":"HY000"},"level":"error","message":"Unhandled error","timestamp":"2026-05-21T14:32:29.872Z"}
{"error":{"code":"ER_WRONG_ARGUMENTS","errno":1210,"sql":"SELECT * FROM invoices WHERE user_id = ?\n      AND (? = 'all' OR status = ?)\n      AND (invoice_number LIKE ? OR customer_name LIKE ? OR customer_email LIKE ? OR customer_tax_id LIKE ?) ORDER BY created_at DESC LIMIT ? OFFSET ?","sqlMessage":"Incorrect arguments to mysqld_stmt_execute","sqlState":"HY000"},"level":"error","message":"Unhandled error","timestamp":"2026-05-21T14:33:38.747Z"}
{"error":{"code":"ER_WRONG_ARGUMENTS","errno":1210,"sql":"SELECT * FROM invoices WHERE user_id = ?\n      AND (? = 'all' OR status = ?)\n      AND (invoice_number LIKE ? OR customer_name LIKE ? OR customer_email LIKE ? OR customer_tax_id LIKE ?) ORDER BY created_at DESC LIMIT ? OFFSET ?","sqlMessage":"Incorrect arguments to mysqld_stmt_execute","sqlState":"HY000"},"level":"error","message":"Unhandled error","timestamp":"2026-05-21T14:33:38.759Z"}
{"error":{"code":"ER_WRONG_ARGUMENTS","errno":1210,"sql":"SELECT * FROM invoices WHERE user_id = ?\n      AND (? = 'all' OR status = ?)\n      AND (invoice_number LIKE ? OR customer_name LIKE ? OR customer_email LIKE ? OR customer_tax_id LIKE ?) ORDER BY created_at DESC LIMIT ? OFFSET ?","sqlMessage":"Incorrect arguments to mysqld_stmt_execute","sqlState":"HY000"},"level":"error","message":"Unhandled error","timestamp":"2026-05-21T14:33:49.456Z"}
{"error":{"code":"ER_WRONG_ARGUMENTS","errno":1210,"sql":"SELECT * FROM invoices WHERE user_id = ?\n      AND (? = 'all' OR status = ?)\n      AND (invoice_number LIKE ? OR customer_name LIKE ? OR customer_email LIKE ? OR customer_tax_id LIKE ?) ORDER BY created_at DESC LIMIT ? OFFSET ?","sqlMessage":"Incorrect arguments to mysqld_stmt_execute","sqlState":"HY000"},"level":"error","message":"Unhandled error","timestamp":"2026-05-21T14:37:18.955Z"}
{"error":{"code":"ER_WRONG_ARGUMENTS","errno":1210,"sql":"SELECT * FROM invoices WHERE user_id = ?\n      AND (? = 'all' OR status = ?)\n      AND (invoice_number LIKE ? OR customer_name LIKE ? OR customer_email LIKE ? OR customer_tax_id LIKE ?) ORDER BY created_at DESC LIMIT ? OFFSET ?","sqlMessage":"Incorrect arguments to mysqld_stmt_execute","sqlState":"HY000"},"level":"error","message":"Unhandled error","timestamp":"2026-05-21T14:37:18.957Z"}
{"level":"info","message":"SMTP not configured; email skipped","subject":"Invoice INV-00012","timestamp":"2026-05-21T14:39:18.746Z","to":"arvind@geniusoffice.com"}
{"level":"info","message":"SMTP not configured; email skipped","subject":"Invoice INV-00011","timestamp":"2026-05-21T14:39:31.060Z","to":"arvind@geniusoffice.com"}
{"error":{},"level":"error","message":"Unhandled error","timestamp":"2026-05-21T15:00:01.299Z"}
{"error":{"code":"ER_NO_SUCH_TABLE","errno":1146,"sql":"SELECT r.*, c.name client_name, i.invoice_number template_invoice_number\n       FROM recurring_invoices r\n       LEFT JOIN clients c ON c.id = r.client_id\n       LEFT JOIN invoices i ON i.id = r.template_invoice_id\n       WHERE r.user_id = ? ORDER BY r.next_run_date ASC","sqlMessage":"Table 'invoice_maker.recurring_invoices' doesn't exist","sqlState":"42S02"},"level":"error","message":"Unhandled error","timestamp":"2026-05-22T02:24:01.848Z"}
{"error":{"code":"ER_NO_SUCH_TABLE","errno":1146,"sql":"SELECT r.*, c.name client_name, i.invoice_number template_invoice_number\n       FROM recurring_invoices r\n       LEFT JOIN clients c ON c.id = r.client_id\n       LEFT JOIN invoices i ON i.id = r.template_invoice_id\n       WHERE r.user_id = ? ORDER BY r.next_run_date ASC","sqlMessage":"Table 'invoice_maker.recurring_invoices' doesn't exist","sqlState":"42S02"},"level":"error","message":"Unhandled error","timestamp":"2026-05-22T02:24:01.855Z"}
{"error":{"code":"ER_NO_SUCH_TABLE","errno":1146,"sql":"SELECT * FROM expenses WHERE user_id=? ORDER BY expense_date DESC","sqlMessage":"Table 'invoice_maker.expenses' doesn't exist","sqlState":"42S02"},"level":"error","message":"Unhandled error","timestamp":"2026-05-22T02:24:06.592Z"}
{"error":{"code":"ER_NO_SUCH_TABLE","errno":1146,"sql":"SELECT * FROM expenses WHERE user_id=? ORDER BY expense_date DESC","sqlMessage":"Table 'invoice_maker.expenses' doesn't exist","sqlState":"42S02"},"level":"error","message":"Unhandled error","timestamp":"2026-05-22T02:24:06.598Z"}
{"error":{"code":"ER_NO_SUCH_TABLE","errno":1146,"sql":"SELECT DATE_FORMAT(expense_date, '%Y-%m') month, COALESCE(SUM(total),0) expenses, COALESCE(SUM(tax_total),0) taxes\n       FROM expenses WHERE user_id=? GROUP BY month ORDER BY month DESC LIMIT 12","sqlMessage":"Table 'invoice_maker.expenses' doesn't exist","sqlState":"42S02"},"level":"error","message":"Unhandled error","timestamp":"2026-05-22T02:24:06.601Z"}
{"error":{"code":"ER_NO_SUCH_TABLE","errno":1146,"sql":"SELECT DATE_FORMAT(expense_date, '%Y-%m') month, COALESCE(SUM(total),0) expenses, COALESCE(SUM(tax_total),0) taxes\n       FROM expenses WHERE user_id=? GROUP BY month ORDER BY month DESC LIMIT 12","sqlMessage":"Table 'invoice_maker.expenses' doesn't exist","sqlState":"42S02"},"level":"error","message":"Unhandled error","timestamp":"2026-05-22T02:24:06.608Z"}
{"error":{"code":"ER_NO_SUCH_TABLE","errno":1146,"sql":"SELECT * FROM finance_documents\n       WHERE user_id = ? AND (? = 'all' OR document_type = ?)\n       ORDER BY created_at DESC","sqlMessage":"Table 'invoice_maker.finance_documents' doesn't exist","sqlState":"42S02"},"level":"error","message":"Unhandled error","timestamp":"2026-05-22T02:24:12.956Z"}
{"error":{"code":"ER_NO_SUCH_TABLE","errno":1146,"sql":"SELECT * FROM finance_documents\n       WHERE user_id = ? AND (? = 'all' OR document_type = ?)\n       ORDER BY created_at DESC","sqlMessage":"Table 'invoice_maker.finance_documents' doesn't exist","sqlState":"42S02"},"level":"error","message":"Unhandled error","timestamp":"2026-05-22T02:24:12.959Z"}
{"error":{"code":"ER_NO_SUCH_TABLE","errno":1146,"sql":"SELECT * FROM subscription_plans ORDER BY FIELD(name, 'free', 'pro', 'business')","sqlMessage":"Table 'invoice_maker.subscription_plans' doesn't exist","sqlState":"42S02"},"level":"error","message":"Unhandled error","timestamp":"2026-05-22T02:24:19.646Z"}
{"error":{"code":"ER_NO_SUCH_TABLE","errno":1146,"sql":"SELECT * FROM subscription_plans ORDER BY FIELD(name, 'free', 'pro', 'business')","sqlMessage":"Table 'invoice_maker.subscription_plans' doesn't exist","sqlState":"42S02"},"level":"error","message":"Unhandled error","timestamp":"2026-05-22T02:24:19.649Z"}
{"error":{"code":"ER_NO_SUCH_TABLE","errno":1146,"sql":"INSERT IGNORE INTO user_plan_usage (user_id) VALUES (?)","sqlMessage":"Table 'invoice_maker.user_plan_usage' doesn't exist","sqlState":"42S02"},"level":"error","message":"Unhandled error","timestamp":"2026-05-22T02:24:19.726Z"}
{"error":{"code":"ER_NO_SUCH_TABLE","errno":1146,"sql":"INSERT IGNORE INTO user_plan_usage (user_id) VALUES (?)","sqlMessage":"Table 'invoice_maker.user_plan_usage' doesn't exist","sqlState":"42S02"},"level":"error","message":"Unhandled error","timestamp":"2026-05-22T02:24:19.780Z"}
{"error":{"code":"ER_NO_SUCH_TABLE","errno":1146,"sql":"SELECT * FROM subscription_plans ORDER BY FIELD(name, 'free', 'pro', 'business')","sqlMessage":"Table 'invoice_maker.subscription_plans' doesn't exist","sqlState":"42S02"},"level":"error","message":"Unhandled error","timestamp":"2026-05-22T02:24:43.388Z"}
{"error":{"code":"ER_NO_SUCH_TABLE","errno":1146,"sql":"SELECT * FROM subscription_plans ORDER BY FIELD(name, 'free', 'pro', 'business')","sqlMessage":"Table 'invoice_maker.subscription_plans' doesn't exist","sqlState":"42S02"},"level":"error","message":"Unhandled error","timestamp":"2026-05-22T02:24:43.390Z"}
{"error":{"code":"ER_NO_SUCH_TABLE","errno":1146,"sql":"INSERT IGNORE INTO user_plan_usage (user_id) VALUES (?)","sqlMessage":"Table 'invoice_maker.user_plan_usage' doesn't exist","sqlState":"42S02"},"level":"error","message":"Unhandled error","timestamp":"2026-05-22T02:24:43.393Z"}
{"error":{"code":"ER_NO_SUCH_TABLE","errno":1146,"sql":"INSERT IGNORE INTO user_plan_usage (user_id) VALUES (?)","sqlMessage":"Table 'invoice_maker.user_plan_usage' doesn't exist","sqlState":"42S02"},"level":"error","message":"Unhandled error","timestamp":"2026-05-22T02:24:43.395Z"}
{"error":{"code":"ER_NO_SUCH_TABLE","errno":1146,"sql":"SELECT * FROM finance_documents\n       WHERE user_id = ? AND (? = 'all' OR document_type = ?)\n       ORDER BY created_at DESC","sqlMessage":"Table 'invoice_maker.finance_documents' doesn't exist","sqlState":"42S02"},"level":"error","message":"Unhandled error","timestamp":"2026-05-22T02:26:30.098Z"}
{"error":{"code":"ER_NO_SUCH_TABLE","errno":1146,"sql":"SELECT * FROM finance_documents\n       WHERE user_id = ? AND (? = 'all' OR document_type = ?)\n       ORDER BY created_at DESC","sqlMessage":"Table 'invoice_maker.finance_documents' doesn't exist","sqlState":"42S02"},"level":"error","message":"Unhandled error","timestamp":"2026-05-22T02:26:30.100Z"}
{"error":{"code":"ER_NO_SUCH_TABLE","errno":1146,"sql":"SELECT * FROM finance_documents\n       WHERE user_id = ? AND (? = 'all' OR document_type = ?)\n       ORDER BY created_at DESC","sqlMessage":"Table 'invoice_maker.finance_documents' doesn't exist","sqlState":"42S02"},"level":"error","message":"Unhandled error","timestamp":"2026-05-22T02:27:26.779Z"}
{"error":{"code":"ER_NO_SUCH_TABLE","errno":1146,"sql":"SELECT * FROM finance_documents\n       WHERE user_id = ? AND (? = 'all' OR document_type = ?)\n       ORDER BY created_at DESC","sqlMessage":"Table 'invoice_maker.finance_documents' doesn't exist","sqlState":"42S02"},"level":"error","message":"Unhandled error","timestamp":"2026-05-22T02:27:26.780Z"}
{"error":{"code":"ER_NO_SUCH_TABLE","errno":1146,"sql":"SELECT * FROM expenses WHERE user_id=? ORDER BY expense_date DESC","sqlMessage":"Table 'invoice_maker.expenses' doesn't exist","sqlState":"42S02"},"level":"error","message":"Unhandled error","timestamp":"2026-05-22T02:27:39.197Z"}
{"error":{"code":"ER_NO_SUCH_TABLE","errno":1146,"sql":"SELECT * FROM expenses WHERE user_id=? ORDER BY expense_date DESC","sqlMessage":"Table 'invoice_maker.expenses' doesn't exist","sqlState":"42S02"},"level":"error","message":"Unhandled error","timestamp":"2026-05-22T02:27:39.200Z"}
{"error":{"code":"ER_NO_SUCH_TABLE","errno":1146,"sql":"SELECT DATE_FORMAT(expense_date, '%Y-%m') month, COALESCE(SUM(total),0) expenses, COALESCE(SUM(tax_total),0) taxes\n       FROM expenses WHERE user_id=? GROUP BY month ORDER BY month DESC LIMIT 12","sqlMessage":"Table 'invoice_maker.expenses' doesn't exist","sqlState":"42S02"},"level":"error","message":"Unhandled error","timestamp":"2026-05-22T02:27:39.202Z"}
{"error":{"code":"ER_NO_SUCH_TABLE","errno":1146,"sql":"SELECT DATE_FORMAT(expense_date, '%Y-%m') month, COALESCE(SUM(total),0) expenses, COALESCE(SUM(tax_total),0) taxes\n       FROM expenses WHERE user_id=? GROUP BY month ORDER BY month DESC LIMIT 12","sqlMessage":"Table 'invoice_maker.expenses' doesn't exist","sqlState":"42S02"},"level":"error","message":"Unhandled error","timestamp":"2026-05-22T02:27:39.205Z"}
{"error":{"code":"ER_NO_SUCH_TABLE","errno":1146,"sql":"SELECT DATE_FORMAT(expense_date, '%Y-%m') month, COUNT(*) expenses, COALESCE(SUM(total),0) total\n       FROM expenses WHERE user_id = ? GROUP BY month ORDER BY month DESC","sqlMessage":"Table 'invoice_maker.expenses' doesn't exist","sqlState":"42S02"},"level":"error","message":"Unhandled error","timestamp":"2026-05-22T02:27:51.427Z"}
{"error":{"code":"ER_NO_SUCH_TABLE","errno":1146,"sql":"SELECT DATE_FORMAT(expense_date, '%Y-%m') month, COUNT(*) expenses, COALESCE(SUM(total),0) total\n       FROM expenses WHERE user_id = ? GROUP BY month ORDER BY month DESC","sqlMessage":"Table 'invoice_maker.expenses' doesn't exist","sqlState":"42S02"},"level":"error","message":"Unhandled error","timestamp":"2026-05-22T02:27:51.427Z"}
{"error":{"code":"ER_NO_SUCH_TABLE","errno":1146,"sql":"SELECT DATE_FORMAT(expense_date, '%Y-%m') month, COUNT(*) expenses, COALESCE(SUM(total),0) total\n       FROM expenses WHERE user_id = ? GROUP BY month ORDER BY month DESC","sqlMessage":"Table 'invoice_maker.expenses' doesn't exist","sqlState":"42S02"},"level":"error","message":"Unhandled error","timestamp":"2026-05-22T02:28:01.572Z"}
{"error":{"code":"ER_NO_SUCH_TABLE","errno":1146,"sql":"SELECT DATE_FORMAT(expense_date, '%Y-%m') month, COUNT(*) expenses, COALESCE(SUM(total),0) total\n       FROM expenses WHERE user_id = ? GROUP BY month ORDER BY month DESC","sqlMessage":"Table 'invoice_maker.expenses' doesn't exist","sqlState":"42S02"},"level":"error","message":"Unhandled error","timestamp":"2026-05-22T02:28:01.574Z"}
{"error":{"code":"ER_NO_SUCH_TABLE","errno":1146,"sql":"SELECT * FROM subscription_plans ORDER BY FIELD(name, 'free', 'pro', 'business')","sqlMessage":"Table 'invoice_maker.subscription_plans' doesn't exist","sqlState":"42S02"},"level":"error","message":"Unhandled error","timestamp":"2026-05-22T02:28:22.351Z"}
{"error":{"code":"ER_NO_SUCH_TABLE","errno":1146,"sql":"SELECT * FROM subscription_plans ORDER BY FIELD(name, 'free', 'pro', 'business')","sqlMessage":"Table 'invoice_maker.subscription_plans' doesn't exist","sqlState":"42S02"},"level":"error","message":"Unhandled error","timestamp":"2026-05-22T02:28:22.352Z"}
{"error":{"code":"ER_NO_SUCH_TABLE","errno":1146,"sql":"INSERT IGNORE INTO user_plan_usage (user_id) VALUES (?)","sqlMessage":"Table 'invoice_maker.user_plan_usage' doesn't exist","sqlState":"42S02"},"level":"error","message":"Unhandled error","timestamp":"2026-05-22T02:28:22.353Z"}
{"error":{"code":"ER_NO_SUCH_TABLE","errno":1146,"sql":"INSERT IGNORE INTO user_plan_usage (user_id) VALUES (?)","sqlMessage":"Table 'invoice_maker.user_plan_usage' doesn't exist","sqlState":"42S02"},"level":"error","message":"Unhandled error","timestamp":"2026-05-22T02:28:22.355Z"}
{"error":{"code":"ER_NO_SUCH_TABLE","errno":1146,"sql":"SELECT * FROM subscription_plans ORDER BY FIELD(name, 'free', 'pro', 'business')","sqlMessage":"Table 'invoice_maker.subscription_plans' doesn't exist","sqlState":"42S02"},"level":"error","message":"Unhandled error","timestamp":"2026-05-22T02:28:43.799Z"}
{"error":{"code":"ER_NO_SUCH_TABLE","errno":1146,"sql":"SELECT * FROM subscription_plans ORDER BY FIELD(name, 'free', 'pro', 'business')","sqlMessage":"Table 'invoice_maker.subscription_plans' doesn't exist","sqlState":"42S02"},"level":"error","message":"Unhandled error","timestamp":"2026-05-22T02:28:43.801Z"}
{"error":{"code":"ER_NO_SUCH_TABLE","errno":1146,"sql":"INSERT IGNORE INTO user_plan_usage (user_id) VALUES (?)","sqlMessage":"Table 'invoice_maker.user_plan_usage' doesn't exist","sqlState":"42S02"},"level":"error","message":"Unhandled error","timestamp":"2026-05-22T02:28:43.802Z"}
{"error":{"code":"ER_NO_SUCH_TABLE","errno":1146,"sql":"INSERT IGNORE INTO user_plan_usage (user_id) VALUES (?)","sqlMessage":"Table 'invoice_maker.user_plan_usage' doesn't exist","sqlState":"42S02"},"level":"error","message":"Unhandled error","timestamp":"2026-05-22T02:28:43.803Z"}
{"error":{},"level":"error","message":"Unhandled error","timestamp":"2026-05-23T08:09:06.142Z"}
{"error":{},"level":"error","message":"Unhandled error","timestamp":"2026-05-23T08:09:07.543Z"}
{"error":{},"level":"error","message":"Unhandled error","timestamp":"2026-05-23T08:09:16.731Z"}
{"error":{},"level":"error","message":"Unhandled error","timestamp":"2026-05-23T08:12:04.004Z"}
{"error":{},"level":"error","message":"Unhandled error","timestamp":"2026-05-23T08:12:16.050Z"}
{"error":{},"level":"error","message":"Unhandled error","timestamp":"2026-05-23T08:13:05.106Z"}
{"error":{},"level":"error","message":"Unhandled error","timestamp":"2026-05-23T08:14:08.153Z"}
{"error":{},"level":"error","message":"Unhandled error","timestamp":"2026-05-23T08:14:30.426Z"}
{"error":{},"level":"error","message":"Unhandled error","timestamp":"2026-05-23T08:14:56.494Z"}
{"error":{},"level":"error","message":"Unhandled error","timestamp":"2026-05-23T08:15:11.490Z"}
{"error":{},"level":"error","message":"Unhandled error","timestamp":"2026-05-23T08:17:24.019Z"}
{"error":{},"level":"error","message":"Unhandled error","timestamp":"2026-05-23T08:22:11.248Z"}
{"error":{},"level":"error","message":"Unhandled error","timestamp":"2026-05-23T08:22:25.910Z"}
{"error":{},"level":"error","message":"Unhandled error","timestamp":"2026-05-24T16:09:16.753Z"}
{"error":{},"level":"error","message":"Unhandled error","timestamp":"2026-05-24T16:09:20.067Z"}
{"error":{},"level":"error","message":"Unhandled error","timestamp":"2026-05-24T16:09:35.709Z"}
{"error":{},"level":"error","message":"Unhandled error","timestamp":"2026-05-24T16:09:36.994Z"}
{"error":{},"level":"error","message":"Unhandled error","timestamp":"2026-05-24T16:09:59.125Z"}
